<?xml version="1.0" encoding="utf-8"?><testsuites name="pytest tests"><testsuite name="pytest" errors="0" failures="1" skipped="0" tests="20" time="3.212" timestamp="2026-08-16T07:49:48.147482+00:00" hostname="agent-env-9f688e6d-854b-4d6c-b08a-1eabe400168b"><testcase classname="tests.test_lifeos_api.TestAuthGuards" name="test_tasks_requires_bearer" time="0.152" /><testcase classname="tests.test_lifeos_api.TestAuthGuards" name="test_health_entries_requires_bearer" time="0.240" /><testcase classname="tests.test_lifeos_api.TestAuthGuards" name="test_tasks_bad_bearer" time="0.044" /><testcase classname="tests.test_lifeos_api.TestAuth" name="test_register_returns_pair_and_user" time="0.437" /><testcase classname="tests.test_lifeos_api.TestAuth" name="test_register_seeds_three_starter_tasks" time="0.265" /><testcase classname="tests.test_lifeos_api.TestAuth" name="test_register_duplicate_returns_409_email_taken" time="0.044" /><testcase classname="tests.test_lifeos_api.TestMe" name="test_me_returns_user_and_profile_no_hash" time="0.313" /><testcase classname="tests.test_lifeos_api.TestAuth" name="test_login_success_returns_pair" time="0.334" /><testcase classname="tests.test_lifeos_api.TestMe" name="test_patch_profile" time="0.291" /><testcase classname="tests.test_lifeos_api.TestMe" name="test_preferences_get_and_put_data_controls_roundtrip" time="0.390" /><testcase classname="tests.test_lifeos_api.TestAuth" name="test_login_wrong_password_generic_401" time="0.306" /><testcase classname="tests.test_lifeos_api.TestAuth" name="test_login_unknown_email_generic_401" time="0.263" /><testcase classname="tests.test_lifeos_api.TestAIMemory" name="test_create_and_list" time="0.486" /><testcase classname="tests.test_lifeos_api.TestAuth" name="test_refresh_rotates_and_old_token_reuse_is_detected" time="0.619"><failure message="assert 200 == 401&#10; +  where 200 = &lt;Response [200]&gt;.status_code">tests/test_lifeos_api.py:120: in test_refresh_rotates_and_old_token_reuse_is_detected
    assert r4.status_code == 401
E   assert 200 == 401
E    +  where 200 = &lt;Response [200]&gt;.status_code</failure></testcase><testcase classname="tests.test_lifeos_api.TestAIMemory" name="test_idempotent_per_structured_key" time="0.086" /><testcase classname="tests.test_lifeos_api.TestTasksScoping" name="test_tasks_are_scoped_per_user" time="0.560" /><testcase classname="tests.test_lifeos_api.TestAuth" name="test_logout_idempotent_and_refresh_fails_after" time="0.484" /><testcase classname="tests.test_lifeos_api.TestTasksScoping" name="test_complete_and_reopen_task" time="0.216" /><testcase classname="tests.test_lifeos_api.TestMeta" name="test_health" time="0.084" /><testcase classname="tests.test_lifeos_api.TestHealthEntries" name="test_create_water_entry" time="0.123" /></testsuite></testsuites>